Info 0    [12:0:28.333] Starting TS Server
Info 1    [12:0:28.335] Version: 3.8.3
Info 2    [12:0:28.335] Arguments: /usr/bin/node /home/ggz/.emacs.d/.cache/lsp/npm/typescript/bin/tsserver --logFile /home/ggz/Dev/nx-nest-test/.log/tsserver.log --logVerbosity info --cancellationPipeName /tmp/c6dbb868f20cc01aa544598fe03c34ff/tscancellation*
Info 3    [12:0:28.335] Platform: linux NodeVersion: 12 CaseSensitive: true
Info 4    [12:0:28.373] Search path: /home/ggz/Dev/nx-nest-test/apps/nest-1/src/app
Info 5    [12:0:28.374] For info: /home/ggz/Dev/nx-nest-test/apps/nest-1/src/app/app.service.ts :: Config file name: /home/ggz/Dev/nx-nest-test/apps/nest-1/tsconfig.json
Info 6    [12:0:28.374] Opened configuration file /home/ggz/Dev/nx-nest-test/apps/nest-1/tsconfig.json
Info 7    [12:0:28.388] Config: /home/ggz/Dev/nx-nest-test/apps/nest-1/tsconfig.json : {
 "rootNames": [
  "/home/ggz/Dev/nx-nest-test/apps/nest-1/src/main.ts",
  "/home/ggz/Dev/nx-nest-test/apps/nest-1/src/app/app.controller.spec.ts",
  "/home/ggz/Dev/nx-nest-test/apps/nest-1/src/app/app.controller.ts",
  "/home/ggz/Dev/nx-nest-test/apps/nest-1/src/app/app.module.ts",
  "/home/ggz/Dev/nx-nest-test/apps/nest-1/src/app/app.service.spec.ts",
  "/home/ggz/Dev/nx-nest-test/apps/nest-1/src/app/app.service.ts",
  "/home/ggz/Dev/nx-nest-test/apps/nest-1/src/environments/environment.prod.ts",
  "/home/ggz/Dev/nx-nest-test/apps/nest-1/src/environments/environment.ts"
 ],
 "options": {
  "rootDir": "/home/ggz/Dev/nx-nest-test",
  "sourceMap": true,
  "declaration": false,
  "moduleResolution": 2,
  "emitDecoratorMetadata": true,
  "experimentalDecorators": true,
  "importHelpers": true,
  "target": 2,
  "module": 99,
  "typeRoots": [
   "/home/ggz/Dev/nx-nest-test/node_modules/@types"
  ],
  "lib": [
   "lib.es2017.d.ts",
   "lib.dom.d.ts"
  ],
  "skipLibCheck": true,
  "skipDefaultLibCheck": true,
  "baseUrl": "/home/ggz/Dev/nx-nest-test",
  "paths": {},
  "types": [
   "node",
   "jest"
  ],
  "configFilePath": "/home/ggz/Dev/nx-nest-test/apps/nest-1/tsconfig.json"
 }
}
Info 8    [12:0:28.394] Starting updateGraphWorker: Project: /home/ggz/Dev/nx-nest-test/apps/nest-1/tsconfig.json
Info 9    [12:0:29.992] Finishing updateGraphWorker: Project: /home/ggz/Dev/nx-nest-test/apps/nest-1/tsconfig.json Version: 1 structureChanged: true Elapsed: 1598ms
Info 10   [12:0:29.992] Project '/home/ggz/Dev/nx-nest-test/apps/nest-1/tsconfig.json' (Configured) 
Info 11   [12:0:29.992] 	Files (276)

Info 12   [12:0:29.993] -----------------------------------------------
Info 13   [12:0:31.534] Starting updateGraphWorker: Project: /home/ggz/Dev/nx-nest-test/apps/nest-1/tsconfig.json
Info 14   [12:0:31.549] Finishing updateGraphWorker: Project: /home/ggz/Dev/nx-nest-test/apps/nest-1/tsconfig.json Version: 2 structureChanged: false Elapsed: 15ms
Info 15   [12:0:31.549] Different program with same set of files:: oldProgram.structureIsReused:: 2
Info 16   [12:0:32.453] Starting updateGraphWorker: Project: /home/ggz/Dev/nx-nest-test/apps/nest-1/tsconfig.json
Info 17   [12:0:32.463] Finishing updateGraphWorker: Project: /home/ggz/Dev/nx-nest-test/apps/nest-1/tsconfig.json Version: 3 structureChanged: false Elapsed: 10ms
Info 18   [12:0:32.463] Different program with same set of files:: oldProgram.structureIsReused:: 2
Info 19   [12:0:33.587] Starting updateGraphWorker: Project: /home/ggz/Dev/nx-nest-test/apps/nest-1/tsconfig.json
Info 20   [12:0:33.624] Finishing updateGraphWorker: Project: /home/ggz/Dev/nx-nest-test/apps/nest-1/tsconfig.json Version: 4 structureChanged: false Elapsed: 36ms
Info 21   [12:0:33.624] Different program with same set of files:: oldProgram.structureIsReused:: 2
Info 22   [12:8:53.881] DirectoryWatcher:: Triggered with /home/ggz/Dev/nx-nest-test/.#workspace.json :: WatchInfo: /home/ggz/Dev/nx-nest-test 0 undefined Project: /home/ggz/Dev/nx-nest-test/apps/nest-1/tsconfig.json WatchType: Failed Lookup Locations
Info 23   [12:8:53.882] Elapsed:: 1ms DirectoryWatcher:: Triggered with /home/ggz/Dev/nx-nest-test/.#workspace.json :: WatchInfo: /home/ggz/Dev/nx-nest-test 0 undefined Project: /home/ggz/Dev/nx-nest-test/apps/nest-1/tsconfig.json WatchType: Failed Lookup Locations
Info 24   [12:14:50.58] DirectoryWatcher:: Triggered with /home/ggz/Dev/nx-nest-test/.#workspace.json :: WatchInfo: /home/ggz/Dev/nx-nest-test 0 undefined Project: /home/ggz/Dev/nx-nest-test/apps/nest-1/tsconfig.json WatchType: Failed Lookup Locations
Info 25   [12:14:50.58] Elapsed:: 0ms DirectoryWatcher:: Triggered with /home/ggz/Dev/nx-nest-test/.#workspace.json :: WatchInfo: /home/ggz/Dev/nx-nest-test 0 undefined Project: /home/ggz/Dev/nx-nest-test/apps/nest-1/tsconfig.json WatchType: Failed Lookup Locations
Info 26   [12:15:1.719] DirectoryWatcher:: Triggered with /home/ggz/Dev/nx-nest-test/.#workspace.json :: WatchInfo: /home/ggz/Dev/nx-nest-test 0 undefined Project: /home/ggz/Dev/nx-nest-test/apps/nest-1/tsconfig.json WatchType: Failed Lookup Locations
Info 27   [12:15:1.719] Elapsed:: 0ms DirectoryWatcher:: Triggered with /home/ggz/Dev/nx-nest-test/.#workspace.json :: WatchInfo: /home/ggz/Dev/nx-nest-test 0 undefined Project: /home/ggz/Dev/nx-nest-test/apps/nest-1/tsconfig.json WatchType: Failed Lookup Locations
Info 28   [12:15:8.142] DirectoryWatcher:: Triggered with /home/ggz/Dev/nx-nest-test/.#workspace.json :: WatchInfo: /home/ggz/Dev/nx-nest-test 0 undefined Project: /home/ggz/Dev/nx-nest-test/apps/nest-1/tsconfig.json WatchType: Failed Lookup Locations
Info 29   [12:15:8.142] Elapsed:: 0ms DirectoryWatcher:: Triggered with /home/ggz/Dev/nx-nest-test/.#workspace.json :: WatchInfo: /home/ggz/Dev/nx-nest-test 0 undefined Project: /home/ggz/Dev/nx-nest-test/apps/nest-1/tsconfig.json WatchType: Failed Lookup Locations
Info 30   [12:15:16.65] DirectoryWatcher:: Triggered with /home/ggz/Dev/nx-nest-test/.#workspace.json :: WatchInfo: /home/ggz/Dev/nx-nest-test 0 undefined Project: /home/ggz/Dev/nx-nest-test/apps/nest-1/tsconfig.json WatchType: Failed Lookup Locations
Info 31   [12:15:16.65] Elapsed:: 0ms DirectoryWatcher:: Triggered with /home/ggz/Dev/nx-nest-test/.#workspace.json :: WatchInfo: /home/ggz/Dev/nx-nest-test 0 undefined Project: /home/ggz/Dev/nx-nest-test/apps/nest-1/tsconfig.json WatchType: Failed Lookup Locations
Info 32   [12:15:21.822] DirectoryWatcher:: Triggered with /home/ggz/Dev/nx-nest-test/.#workspace.json :: WatchInfo: /home/ggz/Dev/nx-nest-test 0 undefined Project: /home/ggz/Dev/nx-nest-test/apps/nest-1/tsconfig.json WatchType: Failed Lookup Locations
Info 33   [12:15:21.822] Elapsed:: 0ms DirectoryWatcher:: Triggered with /home/ggz/Dev/nx-nest-test/.#workspace.json :: WatchInfo: /home/ggz/Dev/nx-nest-test 0 undefined Project: /home/ggz/Dev/nx-nest-test/apps/nest-1/tsconfig.json WatchType: Failed Lookup Locations
Info 34   [12:17:9.590] DirectoryWatcher:: Triggered with /home/ggz/Dev/nx-nest-test/.#workspace.json :: WatchInfo: /home/ggz/Dev/nx-nest-test 0 undefined Project: /home/ggz/Dev/nx-nest-test/apps/nest-1/tsconfig.json WatchType: Failed Lookup Locations
Info 35   [12:17:9.590] Elapsed:: 0ms DirectoryWatcher:: Triggered with /home/ggz/Dev/nx-nest-test/.#workspace.json :: WatchInfo: /home/ggz/Dev/nx-nest-test 0 undefined Project: /home/ggz/Dev/nx-nest-test/apps/nest-1/tsconfig.json WatchType: Failed Lookup Locations
Info 36   [12:17:15.381] DirectoryWatcher:: Triggered with /home/ggz/Dev/nx-nest-test/.#workspace.json :: WatchInfo: /home/ggz/Dev/nx-nest-test 0 undefined Project: /home/ggz/Dev/nx-nest-test/apps/nest-1/tsconfig.json WatchType: Failed Lookup Locations
Info 37   [12:17:15.381] Elapsed:: 0ms DirectoryWatcher:: Triggered with /home/ggz/Dev/nx-nest-test/.#workspace.json :: WatchInfo: /home/ggz/Dev/nx-nest-test 0 undefined Project: /home/ggz/Dev/nx-nest-test/apps/nest-1/tsconfig.json WatchType: Failed Lookup Locations
Info 38   [12:32:54.423] DirectoryWatcher:: Triggered with /home/ggz/Dev/nx-nest-test/.git :: WatchInfo: /home/ggz/Dev/nx-nest-test 0 undefined Project: /home/ggz/Dev/nx-nest-test/apps/nest-1/tsconfig.json WatchType: Failed Lookup Locations
Info 39   [12:32:54.423] Elapsed:: 0ms DirectoryWatcher:: Triggered with /home/ggz/Dev/nx-nest-test/.git :: WatchInfo: /home/ggz/Dev/nx-nest-test 0 undefined Project: /home/ggz/Dev/nx-nest-test/apps/nest-1/tsconfig.json WatchType: Failed Lookup Locations
Info 40   [12:32:59.839] DirectoryWatcher:: Triggered with /home/ggz/Dev/nx-nest-test/.git :: WatchInfo: /home/ggz/Dev/nx-nest-test 0 undefined Project: /home/ggz/Dev/nx-nest-test/apps/nest-1/tsconfig.json WatchType: Failed Lookup Locations
Info 41   [12:32:59.839] Elapsed:: 0ms DirectoryWatcher:: Triggered with /home/ggz/Dev/nx-nest-test/.git :: WatchInfo: /home/ggz/Dev/nx-nest-test 0 undefined Project: /home/ggz/Dev/nx-nest-test/apps/nest-1/tsconfig.json WatchType: Failed Lookup Locations
